C:\Program Files (x86)\Microsoft Visual Studio\2017\Community\Common7\IDE\VC\VCTargets\Platforms\Win32\PlatformToolsets\v141_xp\Toolset.targets(39,5): warning MSB8051: Support for targeting Windows XP is deprecated and will not be present in future releases of Visual Studio. Please see https://go.microsoft.com/fwlink/?linkid=2023588 for more information.
  Script.cpp
c:\program files (x86)\microsoft sdks\windows\v7.1a\include\sal_supp.h(57): warning C4005: '__useHeader': macro redefinition
  c:\program files (x86)\microsoft visual studio\2017\community\vc\tools\msvc\14.16.27023\include\sal.h(2866): note: see previous definition of '__useHeader'
c:\program files (x86)\microsoft sdks\windows\v7.1a\include\specstrings_supp.h(77): warning C4005: '__on_failure': macro redefinition
  c:\program files (x86)\microsoft visual studio\2017\community\vc\tools\msvc\14.16.27023\include\sal.h(2876): note: see previous definition of '__on_failure'
c:\program files (x86)\microsoft sdks\windows\v7.1a\include\dbghelp.h(1540): warning C4091: 'typedef ': ignored on left of '<unnamed-enum-hdBase>' when no variable is declared
c:\program files (x86)\microsoft sdks\windows\v7.1a\include\dbghelp.h(3056): warning C4091: 'typedef ': ignored on left of '<unnamed-enum-sfImage>' when no variable is declared
c:\users\anthony\documents\visual studio 2017\projects\xdk_win\xdk\examples\script\leechprotectionremovalhelp xtra\source\script.h(102): warning C4133: '-': incompatible types - from 'void *' to 'char *'
c:\users\anthony\documents\visual studio 2017\projects\xdk_win\xdk\examples\script\leechprotectionremovalhelp xtra\source\script.cpp(156): warning C4005: '_GLUE_CANUNLOADNOW': macro redefinition
  c:\users\anthony\documents\visual studio 2017\projects\xdk_win\xdk\include\moaxtra.h(1067): note: see previous definition of '_GLUE_CANUNLOADNOW'
c:\users\anthony\documents\visual studio 2017\projects\xdk_win\xdk\examples\script\leechprotectionremovalhelp xtra\source\script.cpp(428): warning C4533: initialization of 'argumentValue' is skipped by 'goto __failure'
  c:\users\anthony\documents\visual studio 2017\projects\xdk_win\xdk\examples\script\leechprotectionremovalhelp xtra\source\script.cpp(420): note: see declaration of 'argumentValue'
  c:\users\anthony\documents\visual studio 2017\projects\xdk_win\xdk\examples\script\leechprotectionremovalhelp xtra\source\script.cpp(428): note: see declaration of '__failure'
c:\users\anthony\documents\visual studio 2017\projects\xdk_win\xdk\examples\script\leechprotectionremovalhelp xtra\source\script.cpp(449): warning C4533: initialization of 'argumentValue' is skipped by 'goto __failure'
  c:\users\anthony\documents\visual studio 2017\projects\xdk_win\xdk\examples\script\leechprotectionremovalhelp xtra\source\script.cpp(439): note: see declaration of 'argumentValue'
  c:\users\anthony\documents\visual studio 2017\projects\xdk_win\xdk\examples\script\leechprotectionremovalhelp xtra\source\script.cpp(449): note: see declaration of '__failure'
c:\users\anthony\documents\visual studio 2017\projects\xdk_win\xdk\examples\script\leechprotectionremovalhelp xtra\source\script.cpp(590): warning C4533: initialization of 'argumentValue' is skipped by 'goto __failure'
  c:\users\anthony\documents\visual studio 2017\projects\xdk_win\xdk\examples\script\leechprotectionremovalhelp xtra\source\script.cpp(465): note: see declaration of 'argumentValue'
  c:\users\anthony\documents\visual studio 2017\projects\xdk_win\xdk\examples\script\leechprotectionremovalhelp xtra\source\script.cpp(590): note: see declaration of '__failure'
C:\Program Files (x86)\Microsoft Visual Studio\2017\Community\Common7\IDE\VC\VCTargets\Microsoft.CppBuild.targets(1216,5): warning MSB8012: TargetPath(C:\Users\Anthony\Documents\Visual Studio 2017\Projects\XDK_win\XDK\Examples\Script\LeechProtectionRemovalHelp Xtra\winproj\Release\LeechProtectionRemovalHelp.dll) does not match the Linker's OutputFile property value (C:\Users\Anthony\Documents\Visual Studio 2017\Projects\XDK_win\XDK\Examples\Script\LeechProtectionRemovalHelp Xtra\winproj\Release\LeechProtectionRemovalHelp.x32). This may cause your project to build incorrectly. To correct this, please make sure that $(OutDir), $(TargetName) and $(TargetExt) property values match the value specified in %(Link.OutputFile).
C:\Program Files (x86)\Microsoft Visual Studio\2017\Community\Common7\IDE\VC\VCTargets\Microsoft.CppBuild.targets(1217,5): warning MSB8012: TargetExt(.dll) does not match the Linker's OutputFile property value (.x32). This may cause your project to build incorrectly. To correct this, please make sure that $(OutDir), $(TargetName) and $(TargetExt) property values match the value specified in %(Link.OutputFile).
     Creating library .\Release/Script.lib and object .\Release/Script.exp
Script.exp : warning LNK4070: /OUT:Script.dll directive in .EXP differs from output filename 'C:\Users\Anthony\Documents\Visual Studio 2017\Projects\XDK_win\XDK\Examples\Script\LeechProtectionRemovalHelp Xtra\winproj\Release\LeechProtectionRemovalHelp.x32'; ignoring directive
  Script.vcxproj -> C:\Users\Anthony\Documents\Visual Studio 2017\Projects\XDK_win\XDK\Examples\Script\LeechProtectionRemovalHelp Xtra\winproj\Release\LeechProtectionRemovalHelp.dll
